339711046 ANNOTATE_BEEP_CTRL
342075017 ANNOTATE_BEEP_CTRL
344928781 ANNOTATE_BEEP_CTRL
347928015 ANNOTATE_BEEP_CTRL
350179135 ANNOTATE_BEEP_CTRL
353152014 ANNOTATE_BEEP_CTRL
396244812 ANNOTATE_AUDITORY_A
398468764 ANNOTATE_AUDITORY_A
400501137 ANNOTATE_AUDITORY_A
405685698 ANNOTATE_AUDITORY_A
408452746 ANNOTATE_AUDITORY_A
454419037 ANNOTATE_AUDITORY_E
456536287 ANNOTATE_AUDITORY_E
458952028 ANNOTATE_AUDITORY_E
461198902 ANNOTATE_AUDITORY_E
463582855 ANNOTATE_AUDITORY_E
465719585 ANNOTATE_AUDITORY_E
472188584 ANNOTATE_AUDITORY_I
475115029 ANNOTATE_AUDITORY_I
477385907 ANNOTATE_AUDITORY_I
479764763 ANNOTATE_AUDITORY_I
482742650 ANNOTATE_AUDITORY_I
485608035 ANNOTATE_AUDITORY_I
490618294 ANNOTATE_AUDITORY_O
492981003 ANNOTATE_AUDITORY_O
495098161 ANNOTATE_AUDITORY_O
497332040 ANNOTATE_AUDITORY_O
500266365 ANNOTATE_AUDITORY_O
502311282 ANNOTATE_AUDITORY_O
508054213 ANNOTATE_AUDITORY_U
510118806 ANNOTATE_AUDITORY_U
512522574 ANNOTATE_AUDITORY_U
515262669 ANNOTATE_AUDITORY_U
518080075 ANNOTATE_AUDITORY_U
520838375 ANNOTATE_AUDITORY_U
549939566 ANNOTATE_A
552705790 ANNOTATE_A
554904593 ANNOTATE_A
557648306 ANNOTATE_A
559653584 ANNOTATE_A
562402555 ANNOTATE_A
572203469 ANNOTATE_E
574674355 ANNOTATE_E
577543243 ANNOTATE_E
579942011 ANNOTATE_E
582166018 ANNOTATE_E
584552706 ANNOTATE_E
590991875 ANNOTATE_I
593385508 ANNOTATE_I
595845938 ANNOTATE_I
597996495 ANNOTATE_I
600875046 ANNOTATE_I
603668822 ANNOTATE_I
610999705 ANNOTATE_O
613285969 ANNOTATE_O
616228052 ANNOTATE_O
619029734 ANNOTATE_O
621712394 ANNOTATE_O
624516255 ANNOTATE_O
631119136 ANNOTATE_U
633396946 ANNOTATE_U
635894624 ANNOTATE_U
638815922 ANNOTATE_U
641176754 ANNOTATE_U
643790537 ANNOTATE_U
657045309 ANNOTATE_MA
659234081 ANNOTATE_MA
661892599 ANNOTATE_MA
664677534 ANNOTATE_MA
667485857 ANNOTATE_MA
670058723 ANNOTATE_MA
677389340 ANNOTATE_ME
680140178 ANNOTATE_ME
682716057 ANNOTATE_ME
685403571 ANNOTATE_ME
687771853 ANNOTATE_ME
690139758 ANNOTATE_ME
697017485 ANNOTATE_MI
699894395 ANNOTATE_MI
702386227 ANNOTATE_MI
704884205 ANNOTATE_MI
707296703 ANNOTATE_MI
709813827 ANNOTATE_MI
791584269 ANNOTATE_MO
793731715 ANNOTATE_MO
796621725 ANNOTATE_MO
799130592 ANNOTATE_MO
801389343 ANNOTATE_MO
804116535 ANNOTATE_MO
810819746 ANNOTATE_MU
813154905 ANNOTATE_MU
815868468 ANNOTATE_MU
818851924 ANNOTATE_MU
821078950 ANNOTATE_MU
823286887 ANNOTATE_MU
834369152 ANNOTATE_LA
836613773 ANNOTATE_LA
839480616 ANNOTATE_LA
841608228 ANNOTATE_LA
844217518 ANNOTATE_LA
846800838 ANNOTATE_LA
853362687 ANNOTATE_LE
856149473 ANNOTATE_LE
858156703 ANNOTATE_LE
860833010 ANNOTATE_LE
863345876 ANNOTATE_LE
866277609 ANNOTATE_LE
872476857 ANNOTATE_LI
874549140 ANNOTATE_LI
876997883 ANNOTATE_LI
879312021 ANNOTATE_LI
881379060 ANNOTATE_LI
883674797 ANNOTATE_LI
890535846 ANNOTATE_LO
892682799 ANNOTATE_LO
895319756 ANNOTATE_LO
897709166 ANNOTATE_LO
900211313 ANNOTATE_LO
902724757 ANNOTATE_LO
910741786 ANNOTATE_LU
912836294 ANNOTATE_LU
915475618 ANNOTATE_LU
918353049 ANNOTATE_LU
920996701 ANNOTATE_LU
923547154 ANNOTATE_LU
933105950 ANNOTATE_SA
935492350 ANNOTATE_SA
937947801 ANNOTATE_SA
940565967 ANNOTATE_SA
943329794 ANNOTATE_SA
945725436 ANNOTATE_SA
951227755 ANNOTATE_SE
953834412 ANNOTATE_SE
956392566 ANNOTATE_SE
958629292 ANNOTATE_SE
960969011 ANNOTATE_SE
963706064 ANNOTATE_SE
970889479 ANNOTATE_SI
973732711 ANNOTATE_SI
976265348 ANNOTATE_SI
978399492 ANNOTATE_SI
980809084 ANNOTATE_SI
983121824 ANNOTATE_SI
990432414 ANNOTATE_SO
992450027 ANNOTATE_SO
994882297 ANNOTATE_SO
997427824 ANNOTATE_SO
1000312069 ANNOTATE_SO
1002470016 ANNOTATE_SO
1009137820 ANNOTATE_SU
1011262160 ANNOTATE_SU
1014209037 ANNOTATE_SU
1016937960 ANNOTATE_SU
1019427429 ANNOTATE_SU
1022394609 ANNOTATE_SU
1030240943 ANNOTATE_RA
1032648646 ANNOTATE_RA
1035504095 ANNOTATE_RA
1038499404 ANNOTATE_RA
1040884397 ANNOTATE_RA
1043105147 ANNOTATE_RA
1050770892 ANNOTATE_RE
1053510433 ANNOTATE_RE
1056489236 ANNOTATE_RE
1058662633 ANNOTATE_RE
1061181714 ANNOTATE_RE
1063235657 ANNOTATE_RE
1075771102 ANNOTATE_RI
1078169008 ANNOTATE_RI
1080738407 ANNOTATE_RI
1083388450 ANNOTATE_RI
1092065595 ANNOTATE_RO
1094132649 ANNOTATE_RO
1096775562 ANNOTATE_RO
1099695867 ANNOTATE_RO
1102330217 ANNOTATE_RO
1104630927 ANNOTATE_RO
1111387855 ANNOTATE_RU
1113793297 ANNOTATE_RU
1116727144 ANNOTATE_RU
1119107332 ANNOTATE_RU
1121136631 ANNOTATE_RU
1124034617 ANNOTATE_RU
1132109857 ANNOTATE_DA
1134352533 ANNOTATE_DA
1137092788 ANNOTATE_DA
1139881099 ANNOTATE_DA
1142017250 ANNOTATE_DA
1144968734 ANNOTATE_DA
1152904477 ANNOTATE_DE
1155083996 ANNOTATE_DE
1157749997 ANNOTATE_DE
1160155272 ANNOTATE_DE
1162736084 ANNOTATE_DE
1164901708 ANNOTATE_DE
1171731429 ANNOTATE_DI
1173873728 ANNOTATE_DI
1176834545 ANNOTATE_DI
1178906088 ANNOTATE_DI
1181689708 ANNOTATE_DI
1183784927 ANNOTATE_DI
1190650099 ANNOTATE_DO
1193265764 ANNOTATE_DO
1196099156 ANNOTATE_DO
1198955107 ANNOTATE_DO
1201573732 ANNOTATE_DO
1204510084 ANNOTATE_DO
1211478536 ANNOTATE_DU
1213948874 ANNOTATE_DU
1216114675 ANNOTATE_DU
1218598756 ANNOTATE_DU
1221426211 ANNOTATE_DU
1223564951 ANNOTATE_DU
1269721943 ANNOTATE_IMAGINE_SAYING_A
1271996069 ANNOTATE_IMAGINE_SAYING_A
1274713623 ANNOTATE_IMAGINE_SAYING_A
1277251487 ANNOTATE_IMAGINE_SAYING_A
1279582405 ANNOTATE_IMAGINE_SAYING_A
1282201400 ANNOTATE_IMAGINE_SAYING_A
1294425485 ANNOTATE_IMAGINE_SAYING_E
1296540861 ANNOTATE_IMAGINE_SAYING_E
1299401268 ANNOTATE_IMAGINE_SAYING_E
1302097775 ANNOTATE_IMAGINE_SAYING_E
1304425722 ANNOTATE_IMAGINE_SAYING_E
1306879769 ANNOTATE_IMAGINE_SAYING_E
1320639856 ANNOTATE_IMAGINE_SAYING_I
1323577882 ANNOTATE_IMAGINE_SAYING_I
1326511192 ANNOTATE_IMAGINE_SAYING_I
1328726319 ANNOTATE_IMAGINE_SAYING_I
1331569393 ANNOTATE_IMAGINE_SAYING_I
1334023719 ANNOTATE_IMAGINE_SAYING_I
1342207337 ANNOTATE_IMAGINE_SAYING_O
1344223866 ANNOTATE_IMAGINE_SAYING_O
1346485116 ANNOTATE_IMAGINE_SAYING_O
1348760319 ANNOTATE_IMAGINE_SAYING_O
1351349277 ANNOTATE_IMAGINE_SAYING_O
1354239640 ANNOTATE_IMAGINE_SAYING_O
1362387173 ANNOTATE_IMAGINE_SAYING_U
1365283526 ANNOTATE_IMAGINE_SAYING_U
1368204477 ANNOTATE_IMAGINE_SAYING_U
1370641440 ANNOTATE_IMAGINE_SAYING_U
1372883417 ANNOTATE_IMAGINE_SAYING_U
1375031386 ANNOTATE_IMAGINE_SAYING_U
1434522165 ANNOTATE_IMAGINE_LETTER_A
1436672589 ANNOTATE_IMAGINE_LETTER_A
1439423445 ANNOTATE_IMAGINE_LETTER_A
1441586921 ANNOTATE_IMAGINE_LETTER_A
1443666652 ANNOTATE_IMAGINE_LETTER_A
1446378772 ANNOTATE_IMAGINE_LETTER_A
1459748224 ANNOTATE_IMAGINE_LETTER_E
1462715975 ANNOTATE_IMAGINE_LETTER_E
1465234874 ANNOTATE_IMAGINE_LETTER_E
1468116523 ANNOTATE_IMAGINE_LETTER_E
1471070599 ANNOTATE_IMAGINE_LETTER_E
1473193364 ANNOTATE_IMAGINE_LETTER_E
1480364822 ANNOTATE_IMAGINE_LETTER_I
1482533818 ANNOTATE_IMAGINE_LETTER_I
1485068650 ANNOTATE_IMAGINE_LETTER_I
1487227554 ANNOTATE_IMAGINE_LETTER_I
1489326279 ANNOTATE_IMAGINE_LETTER_I
1491838935 ANNOTATE_IMAGINE_LETTER_I
1499371917 ANNOTATE_IMAGINE_LETTER_O
1501853057 ANNOTATE_IMAGINE_LETTER_O
1504504892 ANNOTATE_IMAGINE_LETTER_O
1506734307 ANNOTATE_IMAGINE_LETTER_O
1509546403 ANNOTATE_IMAGINE_LETTER_O
1511796781 ANNOTATE_IMAGINE_LETTER_O
1520278630 ANNOTATE_IMAGINE_LETTER_U
1522420141 ANNOTATE_IMAGINE_LETTER_U
1525191492 ANNOTATE_IMAGINE_LETTER_U
1527846581 ANNOTATE_IMAGINE_LETTER_U
1529922273 ANNOTATE_IMAGINE_LETTER_U
1532925551 ANNOTATE_IMAGINE_LETTER_U
1556765306 ANNOTATE_VA
1559241219 ANNOTATE_VA
1561683902 ANNOTATE_VA
1564541958 ANNOTATE_VA
1567496257 ANNOTATE_VA
1569557433 ANNOTATE_VA
1577061296 ANNOTATE_VE
1579690620 ANNOTATE_VE
1582031970 ANNOTATE_VE
1584468485 ANNOTATE_VE
1586489104 ANNOTATE_VE
1589441866 ANNOTATE_VE
1600517077 ANNOTATE_VI
1602648738 ANNOTATE_VI
1605393103 ANNOTATE_VI
1607599579 ANNOTATE_VI
1609946291 ANNOTATE_VI
1612100073 ANNOTATE_VI
1619399292 ANNOTATE_VO
1622092670 ANNOTATE_VO
1624613102 ANNOTATE_VO
1626747325 ANNOTATE_VO
1629123347 ANNOTATE_VO
1631205809 ANNOTATE_VO
1638712501 ANNOTATE_VU
1641533955 ANNOTATE_VU
1643992723 ANNOTATE_VU
1646154115 ANNOTATE_VU
1648890937 ANNOTATE_VU
1651073197 ANNOTATE_VU
1681496182 ANNOTATE_HA
1684167502 ANNOTATE_HA
1687034443 ANNOTATE_HA
1689050214 ANNOTATE_HA
1691067994 ANNOTATE_HA
1693962287 ANNOTATE_HA
1700112669 ANNOTATE_HE
1702694028 ANNOTATE_HE
1705407113 ANNOTATE_HE
1708360181 ANNOTATE_HE
1711157901 ANNOTATE_HE
1713541214 ANNOTATE_HE
1726897718 ANNOTATE_HI
1729671081 ANNOTATE_HI
1732097637 ANNOTATE_HI
1735047208 ANNOTATE_HI
1737312783 ANNOTATE_HI
1739797879 ANNOTATE_HI
1748400222 ANNOTATE_HO
1751344684 ANNOTATE_HO
1753358311 ANNOTATE_HO
1755791130 ANNOTATE_HO
1758659346 ANNOTATE_HO
1760980964 ANNOTATE_HO
1768612549 ANNOTATE_HU
1771118809 ANNOTATE_HU
1773552887 ANNOTATE_HU
1776008106 ANNOTATE_HU
1778688666 ANNOTATE_HU
1781524682 ANNOTATE_HU
1790937625 ANNOTATE_GA
1793230465 ANNOTATE_GA
1795499174 ANNOTATE_GA
1798213371 ANNOTATE_GA
1800950958 ANNOTATE_GA
1803926226 ANNOTATE_GA
1812461565 ANNOTATE_GE
1814826785 ANNOTATE_GE
1817609116 ANNOTATE_GE
1819985177 ANNOTATE_GE
1822194661 ANNOTATE_GE
1824595701 ANNOTATE_GE
1850593164 ANNOTATE_GI
1852628920 ANNOTATE_GI
1855392315 ANNOTATE_GI
1857831179 ANNOTATE_GI
1860426724 ANNOTATE_GI
1862880883 ANNOTATE_GI
1868362925 ANNOTATE_GO
1870607545 ANNOTATE_GO
1872912820 ANNOTATE_GO
1875892122 ANNOTATE_GO
1878170515 ANNOTATE_GO
1880366026 ANNOTATE_GO
1889149347 ANNOTATE_GU
1891904162 ANNOTATE_GU
1894836276 ANNOTATE_GU
1897798130 ANNOTATE_GU
1900127923 ANNOTATE_GU
1902613435 ANNOTATE_GU
