1520517894 625360 Event: RANDOM_SEED 1520517894
1520517894 625387 Event: CHEETAH_SIGNAL (pre: 1520517894 625383)
1520517895 253765 Event: CHEETAH_SIGNAL (pre: 1520517895 253752)
1520517895 869494 Event: CHEETAH_SIGNAL (pre: 1520517895 869472)
1520517896 669498 Event: CHEETAH_SIGNAL (pre: 1520517896 669475)
1520517897 323326 Event: CHEETAH_SIGNAL (pre: 1520517897 323313)
1520517898 275687 Event: CHEETAH_SIGNAL (pre: 1520517898 275674)
1520517898 879340 Event: CHEETAH_SIGNAL (pre: 1520517898 879326)
1520517899 556015 Event: CHEETAH_SIGNAL (pre: 1520517899 556002)
1520517900 545005 Event: CHEETAH_SIGNAL (pre: 1520517900 544992)
1520517901 323234 Event: CHEETAH_SIGNAL (pre: 1520517901 323223)
1520517902 288595 Event: CHEETAH_SIGNAL (pre: 1520517902 288585)
1520517902 905492 Event: CHEETAH_SIGNAL (pre: 1520517902 905472)
1520517903 800603 Event: CHEETAH_SIGNAL (pre: 1520517903 800590)
1520517904 516264 Event: CHEETAH_SIGNAL (pre: 1520517904 516250)
1520517905 081898 Event: CHEETAH_SIGNAL (pre: 1520517905 081883)
1520517905 589176 Event: CHEETAH_SIGNAL (pre: 1520517905 589163)
1520517906 578643 Event: CHEETAH_SIGNAL (pre: 1520517906 578628)
1520517907 537966 Event: CHEETAH_SIGNAL (pre: 1520517907 537952)
1520517908 324686 Event: CHEETAH_SIGNAL (pre: 1520517908 324672)
1520517908 916668 Event: CHEETAH_SIGNAL (pre: 1520517908 916654)
1520517909 507498 Event: CHEETAH_SIGNAL (pre: 1520517909 507484)
1520517910 043800 Event: CHEETAH_SIGNAL (pre: 1520517910 043789)
1520517911 031285 Event: CHEETAH_SIGNAL (pre: 1520517911 031271)
1520517911 645897 Event: CHEETAH_SIGNAL (pre: 1520517911 645884)
1520517912 237514 Event: CHEETAH_SIGNAL (pre: 1520517912 237500)
1520517912 880623 Event: CHEETAH_SIGNAL (pre: 1520517912 880608)
1520517913 461202 Event: CHEETAH_SIGNAL (pre: 1520517913 461190)
1520517914 441120 Event: CHEETAH_SIGNAL (pre: 1520517914 441107)
1520517914 999068 Event: CHEETAH_SIGNAL (pre: 1520517914 999054)
1520517915 959249 Event: CHEETAH_SIGNAL (pre: 1520517915 959236)
1520517916 848556 Event: CHEETAH_SIGNAL (pre: 1520517916 848540)
1520517917 697662 Event: CHEETAH_SIGNAL (pre: 1520517917 697647)
